0 info it worked if it ends with ok
1 verbose cli [ 'node', '/usr/local/bin/npm', 'install', '-g', 'n' ]
2 info using npm@1.2.17
3 info using node@v0.10.3
4 verbose read json /usr/local/lib/package.json
5 verbose read json /usr/local/lib/package.json
6 verbose cache add [ 'n', null ]
7 verbose cache add name=undefined spec="n" args=["n",null]
8 verbose parsed url { protocol: null,
8 verbose parsed url   slashes: null,
8 verbose parsed url   auth: null,
8 verbose parsed url   host: null,
8 verbose parsed url   port: null,
8 verbose parsed url   hostname: null,
8 verbose parsed url   hash: null,
8 verbose parsed url   search: null,
8 verbose parsed url   query: null,
8 verbose parsed url   pathname: 'n',
8 verbose parsed url   path: 'n',
8 verbose parsed url   href: 'n' }
9 silly lockFile d1854cae-n n
10 verbose lock n /Users/Geoffrey/.npm/d1854cae-n.lock
11 silly lockFile d1854cae-n n
12 silly lockFile d1854cae-n n
13 verbose addNamed [ 'n', '' ]
14 verbose addNamed [ null, '' ]
15 silly lockFile 6b58d7dc-n n@
16 verbose lock n@ /Users/Geoffrey/.npm/6b58d7dc-n.lock
17 silly addNameRange { name: 'n', range: '', hasData: false }
18 verbose url raw n
19 verbose url resolving [ 'https://registry.npmjs.org/', './n' ]
20 verbose url resolved https://registry.npmjs.org/n
21 info trying registry request attempt 1 at 20:02:53
22 verbose etag "8M529F2AT9Y87J65E43JFI614"
23 http GET https://registry.npmjs.org/n
24 http 304 https://registry.npmjs.org/n
25 silly registry.get cb [ 304,
25 silly registry.get   { server: 'CouchDB/1.3.1 (Erlang OTP/R15B03)',
25 silly registry.get     etag: '"8M529F2AT9Y87J65E43JFI614"',
25 silly registry.get     date: 'Tue, 05 Nov 2013 19:02:48 GMT',
25 silly registry.get     'content-length': '0' } ]
26 verbose etag n from cache
27 silly addNameRange number 2 { name: 'n', range: '', hasData: true }
28 silly addNameRange versions [ 'n',
28 silly addNameRange   [ '0.0.1',
28 silly addNameRange     '0.0.2',
28 silly addNameRange     '0.0.3',
28 silly addNameRange     '0.0.4',
28 silly addNameRange     '0.1.0',
28 silly addNameRange     '0.1.1',
28 silly addNameRange     '0.1.2',
28 silly addNameRange     '0.2.0',
28 silly addNameRange     '0.2.1',
28 silly addNameRange     '0.2.2',
28 silly addNameRange     '0.3.0',
28 silly addNameRange     '0.4.0',
28 silly addNameRange     '0.4.1',
28 silly addNameRange     '0.4.2',
28 silly addNameRange     '0.5.0',
28 silly addNameRange     '0.5.1',
28 silly addNameRange     '0.5.2',
28 silly addNameRange     '0.5.3',
28 silly addNameRange     '0.5.4',
28 silly addNameRange     '0.6.0',
28 silly addNameRange     '0.6.1',
28 silly addNameRange     '0.7.0',
28 silly addNameRange     '0.7.1',
28 silly addNameRange     '0.7.2',
28 silly addNameRange     '0.7.3',
28 silly addNameRange     '0.8.0',
28 silly addNameRange     '0.8.1',
28 silly addNameRange     '0.8.2',
28 silly addNameRange     '0.9.0',
28 silly addNameRange     '0.9.1',
28 silly addNameRange     '0.9.2',
28 silly addNameRange     '0.9.3',
28 silly addNameRange     '1.0.0',
28 silly addNameRange     '1.1.0' ] ]
29 verbose addNamed [ 'n', '1.1.0' ]
30 verbose addNamed [ '1.1.0', '1.1.0' ]
31 silly lockFile 9f2a0569-n-1-1-0 n@1.1.0
32 verbose lock n@1.1.0 /Users/Geoffrey/.npm/9f2a0569-n-1-1-0.lock
33 verbose read json /Users/Geoffrey/.npm/n/1.1.0/package/package.json
34 silly lockFile 9f2a0569-n-1-1-0 n@1.1.0
35 silly lockFile 9f2a0569-n-1-1-0 n@1.1.0
36 silly lockFile 6b58d7dc-n n@
37 silly lockFile 6b58d7dc-n n@
38 silly resolved [ { name: 'n',
38 silly resolved     description: 'node version manager',
38 silly resolved     version: '1.1.0',
38 silly resolved     author: { name: 'TJ Holowaychuk', email: 'tj@vision-media.ca' },
38 silly resolved     homepage: 'https://github.com/visionmedia/n',
38 silly resolved     bugs: 'https://github.com/visionmedia/n/issues',
38 silly resolved     keywords: [ 'node', 'binary', 'version', 'env' ],
38 silly resolved     bin: { n: './bin/n' },
38 silly resolved     repository: { type: 'git', url: 'git://github.com/visionmedia/n.git' },
38 silly resolved     engines: { node: '*' },
38 silly resolved     license: 'MIT',
38 silly resolved     readme: '# n\n\nSimple flavour of node binary management, no subshells, no profile setup, no convoluted api, just _simple_.\n\n## Installation\n\n    $ npm install -g n\n\nor\n\n    $ make install\n\n### Installing Binaries\n\nInstall a few nodes:\n\n    $ n 0.8.14\n    $ n 0.8.17\n    $ n 0.9.6\n\nType `n` to prompt selection of an installed node. Use the up /\ndown arrow to navigate, and press enter or the right arrow to\nselect, or ^C to cancel:\n\n    $ n\n\n      0.8.14\n    ο 0.8.17\n      0.9.6\n\nPass some config flags to _./configure_:\n\n    $ n 0.2.6 --debug\n\nList installed binaries, config flags are shown:\n\n      0.2.3\n    ο 0.2.6 --debug\n      0.3.4\n      0.3.5\n\nUse or install the latest official release:\n\n    $ n latest\n\nUse or install the stable official release:\n\n    $ n stable\n\nSwitch to the previous version you were using:\n\n    $ n prev\n\n### Removing Binaries\n\nRemove some versions:\n\n    $ n rm 0.2.4 v0.3.0\n\nInstead of using `rm` we can simply use `-`:\n\n    $ n - 0.2.4\n\n### Binary Usage\n\nWhen running multiple versions of node, we can target\nthem directly by asking `n` for the binary path:\n\n    $ n bin 0.3.3\n    /usr/local/n/versions/0.3.3/bin/node\n\nOr by using a specific version through `n`\'s `use` sub-command:\n\n    $ n use 0.3.3 some.js\n\nwith flags:\n\n    $ n as 0.3.3 --debug some.js\n\n## Usage\n\n Output from `n --help`:\n\n    Usage: n [options] [COMMAND] [config]\n\n    Commands:\n\n      n                            Output versions installed\n      n latest [config ...]        Install or activate the latest node release\n      n stable [config ...]        Install or activate the latest stable node release\n      n <version> [config ...]     Install and/or use node <version>\n      n use <version> [args ...]   Execute node <version> with [args ...]\n      n bin <version>              Output bin path for <version>\n      n rm <version ...>           Remove the given version(s)\n      n --latest                   Output the latest node version available\n      n --stable                   Output the latest stable node version available\n      n ls                         Output the versions of node available\n\n    Options:\n\n      -V, --version   Output current version of n\n      -h, --help      Display help information\n\n    Aliases:\n\n      which   bin\n      use     as\n      list    ls\n      -       rm\n\n## Details\n\n `n` by default installs node to _/usr/local/n/versions_, from\n which it can see what you have currently installed, and activate previously installed versions of node when `n <version>` is invoked again.\n\n Activated nodes are then installed to the prefix _/usr/local_, which of course may be altered via the __N_PREFIX__ environment variable.\n\n To alter where `n` operates simply export __N_PREFIX__ to whatever you prefer.\n\n## License\n\n(The MIT License)\n\nCopyright (c) 2010 TJ Holowaychuk &lt;tj@vision-media.ca&gt;\n\nPermission is hereby granted, free of charge, to any person obtaining\na copy of this software and associated documentation files (the\n\'Software\'), to deal in the Software without restriction, including\nwithout limitation the rights to use, copy, modify, merge, publish,\ndistribute, sublicense, and/or sell copies of the Software, and to\npermit persons to whom the Software is furnished to do so, subject to\nthe following conditions:\n\nThe above copyright notice and this permission notice shall be\nincluded in all copies or substantial portions of the Software.\n\nTHE SOFTWARE IS PROVIDED \'AS IS\', WITHOUT WARRANTY OF ANY KIND,\nEXPRESS OR IMPLIED, INCLUDING BUT NOT LIMITED TO THE WARRANTIES OF\nMERCHANTABILITY, FITNESS FOR A PARTICULAR PURPOSE AND NONINFRINGEMENT.\nIN NO EVENT SHALL THE AUTHORS OR COPYRIGHT HOLDERS BE LIABLE FOR ANY\nCLAIM, DAMAGES OR OTHER LIABILITY, WHETHER IN AN ACTION OF CONTRACT,\nTORT OR OTHERWISE, ARISING FROM, OUT OF OR IN CONNECTION WITH THE\nSOFTWARE OR THE USE OR OTHER DEALINGS IN THE SOFTWARE.\n',
38 silly resolved     readmeFilename: 'Readme.md',
38 silly resolved     _id: 'n@1.1.0',
38 silly resolved     _from: 'n@' } ]
39 info install n@1.1.0 into /usr/local/lib
40 info installOne n@1.1.0
41 verbose from cache /Users/Geoffrey/.npm/n/1.1.0/package/package.json
42 info /usr/local/lib/node_modules/n unbuild
43 verbose read json /usr/local/lib/node_modules/n/package.json
44 info preuninstall n@1.1.0
45 info uninstall n@1.1.0
46 verbose true,/usr/local/lib/node_modules,/usr/local/lib/node_modules unbuild n@1.1.0
47 verbose /usr/local/bin,[object Object] binRoot
48 info /usr/local/lib/node_modules/n unbuild
49 verbose read json /usr/local/lib/node_modules/n/package.json
50 info preuninstall n@1.1.0
51 info uninstall n@1.1.0
52 verbose true,/usr/local/lib/node_modules,/usr/local/lib/node_modules unbuild n@1.1.0
53 verbose /usr/local/bin,[object Object] binRoot
54 error error rolling back Error: EACCES, unlink '/usr/local/bin/n'
54 error error rolling back  n@1.1.0 { [Error: EACCES, unlink '/usr/local/bin/n'] errno: 3, code: 'EACCES', path: '/usr/local/bin/n' }
55 error Error: EACCES, unlink '/usr/local/bin/n'
55 error  { [Error: EACCES, unlink '/usr/local/bin/n'] errno: 3, code: 'EACCES', path: '/usr/local/bin/n' }
56 error Please try running this command again as root/Administrator.
57 error System Darwin 12.3.0
58 error command "node" "/usr/local/bin/npm" "install" "-g" "n"
59 error cwd /Users/Geoffrey/Documents/noduino/duino
60 error node -v v0.10.3
61 error npm -v 1.2.17
62 error path /usr/local/bin/n
63 error code EACCES
64 error errno 3
65 error stack Error: EACCES, unlink '/usr/local/bin/n'
66 verbose exit [ 3, true ]
